    69.9ms (setup:799): 2023-08-03 11:46:39
    69.9ms (setup:800): /usr/bin/pipx install build
    70.0ms (setup:801): pipx version is 1.2.0
    70.0ms (setup:802): Default python interpreter is '/usr/bin/python'
    70.5ms (package_name_from_spec:322): Determined package name: build
    70.5ms (package_name_from_spec:323): Package name determined in 0.0s
    71.1ms (run_subprocess:173): running /usr/bin/python -m venv --without-pip /home/tom/.local/pipx/venvs/build
   104.3ms (run_subprocess:186): stdout:
   104.5ms (run_subprocess:188): stderr:
   104.5ms (run_subprocess:189): returncode: 0
   104.8ms (run_subprocess:173): running /home/tom/.local/pipx/venvs/build/bin/python -c import sysconfig; print(sysconfig.get_path('purelib'))
   114.8ms (run_subprocess:186): stdout: /home/tom/.local/pipx/venvs/build/lib/python3.11/site-packages
   114.8ms (run_subprocess:189): returncode: 0
   115.1ms (run_subprocess:173): running /home/tom/.local/pipx/shared/bin/python -c import sysconfig; print(sysconfig.get_path('purelib'))
   126.2ms (run_subprocess:186): stdout: /home/tom/.local/pipx/shared/lib/python3.11/site-packages
   126.3ms (run_subprocess:189): returncode: 0
   126.6ms (run_subprocess:173): running /home/tom/.local/pipx/venvs/build/bin/python --version
   130.2ms (run_subprocess:186): stdout: Python 3.11.3
   130.3ms (run_subprocess:188): stderr:
   130.4ms (run_subprocess:189): returncode: 0
   130.6ms (_parsed_package_to_package_or_url:147): cleaned package spec: build
   131.0ms (run_subprocess:173): running /home/tom/.local/pipx/venvs/build/bin/python -m pip install build
  1033.3ms (run_subprocess:189): returncode: 0
  1033.8ms (run_subprocess:173): running <fetch_info_in_venv commands>
  1052.0ms (run_subprocess:186): stdout: {"sys_path": ["/usr/lib/python311.zip", "/usr/lib/python3.11", "/usr/lib/python3.11/lib-dynload", "/home/tom/.local/pipx/venvs/build/lib/python3.11/site-packages", "/home/tom/.local/pipx/shared/lib/python3.11/site-packages"], "python_version": "3.11.3", "environment": {"implementation_name": "cpython", "implementation_version": "3.11.3", "os_name": "posix", "platform_machine": "x86_64", "platform_release": "6.4.7-arch1-2", "platform_system": "Linux", "platform_version": "#1 SMP PREEMPT_DYNAMIC Mon, 31 Jul 2023 11:41:04 +0000", "python_full_version": "3.11.3", "platform_python_implementation": "CPython", "python_version": "3.11", "sys_platform": "linux"}}
  1052.1ms (run_subprocess:189): returncode: 0
  1056.8ms (get_venv_metadata_for_package:316): get_venv_metadata_for_package: 23ms
  1056.8ms (_parsed_package_to_package_or_url:147): cleaned package spec: build
  1057.2ms (_symlink_package_apps:147): ⚠️  Note: pyproject-build was already on your PATH at /usr/bin/pyproject-build
  1057.5ms (needs_upgrade:69): Time since last upgrade of shared libs, in seconds: 94. Upgrade will be run by pipx if greater than 2592000.
  1057.9ms (cli:874): pipx finished.
