    69.5ms (setup:799): 2023-08-03 11:46:53
    69.6ms (setup:800): /usr/bin/pipx install desktop_entry_lib
    69.6ms (setup:801): pipx version is 1.2.0
    69.7ms (setup:802): Default python interpreter is '/usr/bin/python'
    70.2ms (package_name_from_spec:322): Determined package name: desktop-entry-lib
    70.2ms (package_name_from_spec:323): Package name determined in 0.0s
    70.8ms (run_subprocess:173): running /usr/bin/python -m venv --without-pip /home/tom/.local/pipx/venvs/desktop-entry-lib
   104.1ms (run_subprocess:186): stdout:
   104.2ms (run_subprocess:188): stderr:
   104.3ms (run_subprocess:189): returncode: 0
   104.5ms (run_subprocess:173): running /home/tom/.local/pipx/venvs/desktop-entry-lib/bin/python -c import sysconfig; print(sysconfig.get_path('purelib'))
   114.7ms (run_subprocess:186): stdout: /home/tom/.local/pipx/venvs/desktop-entry-lib/lib/python3.11/site-packages
   114.8ms (run_subprocess:189): returncode: 0
   115.0ms (run_subprocess:173): running /home/tom/.local/pipx/shared/bin/python -c import sysconfig; print(sysconfig.get_path('purelib'))
   126.5ms (run_subprocess:186): stdout: /home/tom/.local/pipx/shared/lib/python3.11/site-packages
   126.6ms (run_subprocess:189): returncode: 0
   127.0ms (run_subprocess:173): running /home/tom/.local/pipx/venvs/desktop-entry-lib/bin/python --version
   129.7ms (run_subprocess:186): stdout: Python 3.11.3
   129.8ms (run_subprocess:188): stderr:
   129.8ms (run_subprocess:189): returncode: 0
   130.0ms (_parsed_package_to_package_or_url:147): cleaned package spec: desktop-entry-lib
   130.4ms (run_subprocess:173): running /home/tom/.local/pipx/venvs/desktop-entry-lib/bin/python -m pip install desktop-entry-lib
  1453.6ms (run_subprocess:189): returncode: 0
  1453.9ms (run_subprocess:173): running <fetch_info_in_venv commands>
  1471.3ms (run_subprocess:186): stdout: {"sys_path": ["/usr/lib/python311.zip", "/usr/lib/python3.11", "/usr/lib/python3.11/lib-dynload", "/home/tom/.local/pipx/venvs/desktop-entry-lib/lib/python3.11/site-packages", "/home/tom/.local/pipx/shared/lib/python3.11/site-packages"], "python_version": "3.11.3", "environment": {"implementation_name": "cpython", "implementation_version": "3.11.3", "os_name": "posix", "platform_machine": "x86_64", "platform_release": "6.4.7-arch1-2", "platform_system": "Linux", "platform_version": "#1 SMP PREEMPT_DYNAMIC Mon, 31 Jul 2023 11:41:04 +0000", "python_full_version": "3.11.3", "platform_python_implementation": "CPython", "python_version": "3.11", "sys_platform": "linux"}}
  1471.4ms (run_subprocess:189): returncode: 0
  1472.9ms (get_venv_metadata_for_package:316): get_venv_metadata_for_package: 19ms
  1473.0ms (_parsed_package_to_package_or_url:147): cleaned package spec: desktop-entry-lib
  1473.1ms (rmdir:55): removing directory /home/tom/.local/pipx/venvs/desktop-entry-lib
  1473.7ms (cli:866): PipxError: No apps associated with package desktop-entry-lib or its dependencies. If you are attempting to install a library, pipx should not be used. Consider using pip or a similar tool instead.
Traceback (most recent call last):
  File "/usr/lib/python3.11/site-packages/pipx/main.py", line 863, in cli
    return run_pipx_command(parsed_pipx_args)
           ^^^^^^^^^^^^^^^^^^^^^^^^^^^^^^^^^^
  File "/usr/lib/python3.11/site-packages/pipx/main.py", line 214, in run_pipx_command
    return commands.install(
           ^^^^^^^^^^^^^^^^^
  File "/usr/lib/python3.11/site-packages/pipx/commands/install.py", line 69, in install
    run_post_install_actions(
  File "/usr/lib/python3.11/site-packages/pipx/commands/common.py", line 357, in run_post_install_actions
    raise PipxError(
pipx.util.PipxError: No apps associated with package desktop-entry-lib or its dependencies. If you are attempting to install a library, pipx should not be used. Consider using pip or a similar tool instead.
  1474.2ms (cli:874): pipx finished.
