    71.4ms (setup:799): 2023-08-03 11:46:16
    71.5ms (setup:800): /usr/bin/pipx install pillow
    71.5ms (setup:801): pipx version is 1.2.0
    71.5ms (setup:802): Default python interpreter is '/usr/bin/python'
    72.0ms (package_name_from_spec:322): Determined package name: pillow
    72.1ms (package_name_from_spec:323): Package name determined in 0.0s
    72.5ms (run_subprocess:173): running /usr/bin/python -m venv --without-pip /home/tom/.local/pipx/venvs/pillow
   104.4ms (run_subprocess:186): stdout:
   104.5ms (run_subprocess:188): stderr:
   104.6ms (run_subprocess:189): returncode: 0
   104.9ms (run_subprocess:173): running /home/tom/.local/pipx/venvs/pillow/bin/python -c import sysconfig; print(sysconfig.get_path('purelib'))
   116.2ms (run_subprocess:186): stdout: /home/tom/.local/pipx/venvs/pillow/lib/python3.11/site-packages
   116.3ms (run_subprocess:189): returncode: 0
   116.4ms (run_subprocess:173): running /home/tom/.local/pipx/shared/bin/python -c import sysconfig; print(sysconfig.get_path('purelib'))
   127.4ms (run_subprocess:186): stdout: /home/tom/.local/pipx/shared/lib/python3.11/site-packages
   127.5ms (run_subprocess:189): returncode: 0
   127.8ms (run_subprocess:173): running /home/tom/.local/pipx/venvs/pillow/bin/python --version
   131.3ms (run_subprocess:186): stdout: Python 3.11.3
   131.4ms (run_subprocess:188): stderr:
   131.5ms (run_subprocess:189): returncode: 0
   131.7ms (_parsed_package_to_package_or_url:147): cleaned package spec: pillow
   132.1ms (run_subprocess:173): running /home/tom/.local/pipx/venvs/pillow/bin/python -m pip install pillow
  2787.8ms (run_subprocess:189): returncode: 0
  2788.3ms (run_subprocess:173): running <fetch_info_in_venv commands>
  2806.8ms (run_subprocess:186): stdout: {"sys_path": ["/usr/lib/python311.zip", "/usr/lib/python3.11", "/usr/lib/python3.11/lib-dynload", "/home/tom/.local/pipx/venvs/pillow/lib/python3.11/site-packages", "/home/tom/.local/pipx/shared/lib/python3.11/site-packages"], "python_version": "3.11.3", "environment": {"implementation_name": "cpython", "implementation_version": "3.11.3", "os_name": "posix", "platform_machine": "x86_64", "platform_release": "6.4.7-arch1-2", "platform_system": "Linux", "platform_version": "#1 SMP PREEMPT_DYNAMIC Mon, 31 Jul 2023 11:41:04 +0000", "python_full_version": "3.11.3", "platform_python_implementation": "CPython", "python_version": "3.11", "sys_platform": "linux"}}
  2806.9ms (run_subprocess:189): returncode: 0
  2810.7ms (get_venv_metadata_for_package:316): get_venv_metadata_for_package: 23ms
  2810.8ms (_parsed_package_to_package_or_url:147): cleaned package spec: pillow
  2810.9ms (rmdir:55): removing directory /home/tom/.local/pipx/venvs/pillow
  2814.5ms (cli:866): PipxError: No apps associated with package pillow or its dependencies. If you are attempting to install a library, pipx should not be used. Consider using pip or a similar tool instead.
Traceback (most recent call last):
  File "/usr/lib/python3.11/site-packages/pipx/main.py", line 863, in cli
    return run_pipx_command(parsed_pipx_args)
           ^^^^^^^^^^^^^^^^^^^^^^^^^^^^^^^^^^
  File "/usr/lib/python3.11/site-packages/pipx/main.py", line 214, in run_pipx_command
    return commands.install(
           ^^^^^^^^^^^^^^^^^
  File "/usr/lib/python3.11/site-packages/pipx/commands/install.py", line 69, in install
    run_post_install_actions(
  File "/usr/lib/python3.11/site-packages/pipx/commands/common.py", line 357, in run_post_install_actions
    raise PipxError(
pipx.util.PipxError: No apps associated with package pillow or its dependencies. If you are attempting to install a library, pipx should not be used. Consider using pip or a similar tool instead.
  2815.0ms (cli:874): pipx finished.
