    68.4ms (setup:799): 2023-08-03 11:45:31
    68.5ms (setup:800): /usr/bin/pipx install poetry
    68.5ms (setup:801): pipx version is 1.2.0
    68.5ms (setup:802): Default python interpreter is '/usr/bin/python'
    69.0ms (package_name_from_spec:322): Determined package name: poetry
    69.1ms (package_name_from_spec:323): Package name determined in 0.0s
    70.0ms (run_subprocess:173): running /usr/bin/python -m venv --without-pip /home/tom/.local/pipx/venvs/poetry
   103.6ms (run_subprocess:186): stdout:
   103.8ms (run_subprocess:188): stderr:
   103.8ms (run_subprocess:189): returncode: 0
   104.3ms (run_subprocess:173): running /home/tom/.local/pipx/venvs/poetry/bin/python -c import sysconfig; print(sysconfig.get_path('purelib'))
   114.1ms (run_subprocess:186): stdout: /home/tom/.local/pipx/venvs/poetry/lib/python3.11/site-packages
   114.2ms (run_subprocess:189): returncode: 0
   114.4ms (run_subprocess:173): running /home/tom/.local/pipx/shared/bin/python -c import sysconfig; print(sysconfig.get_path('purelib'))
   124.4ms (run_subprocess:186): stdout: /home/tom/.local/pipx/shared/lib/python3.11/site-packages
   124.5ms (run_subprocess:189): returncode: 0
   124.8ms (run_subprocess:173): running /home/tom/.local/pipx/venvs/poetry/bin/python --version
   128.4ms (run_subprocess:186): stdout: Python 3.11.3
   128.5ms (run_subprocess:188): stderr:
   128.5ms (run_subprocess:189): returncode: 0
   128.7ms (_parsed_package_to_package_or_url:147): cleaned package spec: poetry
   128.9ms (run_subprocess:173): running /home/tom/.local/pipx/venvs/poetry/bin/python -m pip install poetry
 55095.5ms (run_subprocess:189): returncode: 0
 55096.0ms (run_subprocess:173): running <fetch_info_in_venv commands>
 55114.7ms (run_subprocess:186): stdout: {"sys_path": ["/usr/lib/python311.zip", "/usr/lib/python3.11", "/usr/lib/python3.11/lib-dynload", "/home/tom/.local/pipx/venvs/poetry/lib/python3.11/site-packages", "/home/tom/.local/pipx/shared/lib/python3.11/site-packages"], "python_version": "3.11.3", "environment": {"implementation_name": "cpython", "implementation_version": "3.11.3", "os_name": "posix", "platform_machine": "x86_64", "platform_release": "6.4.7-arch1-2", "platform_system": "Linux", "platform_version": "#1 SMP PREEMPT_DYNAMIC Mon, 31 Jul 2023 11:41:04 +0000", "python_full_version": "3.11.3", "platform_python_implementation": "CPython", "python_version": "3.11", "sys_platform": "linux"}}
 55114.8ms (run_subprocess:189): returncode: 0
 55339.4ms (get_venv_metadata_for_package:316): get_venv_metadata_for_package: 244ms
 55339.5ms (_parsed_package_to_package_or_url:147): cleaned package spec: poetry
 55340.1ms (_symlink_package_apps:147): ⚠️  Note: poetry was already on your PATH at /usr/bin/poetry
 55340.5ms (needs_upgrade:69): Time since last upgrade of shared libs, in seconds: 81. Upgrade will be run by pipx if greater than 2592000.
 55340.9ms (cli:874): pipx finished.
